"/Users/Andrew/go-no-go/GoNoGo/GoNoGo.uproject" 1
"../../../Engine/Plugins/2D/Paper2D/Paper2D.uplugin" 2
"../../../Engine/Plugins/Developer/BlankPlugin/BlankPlugin.uplugin" 3
"../../../Engine/Plugins/Developer/GitSourceControl/GitSourceControl.uplugin" 4
"../../../Engine/Plugins/Developer/KDevelopSourceCodeAccess/KDevelopSourceCodeAccess.uplugin" 5
"../../../Engine/Plugins/Developer/PerforceSourceControl/PerforceSourceControl.uplugin" 6
"../../../Engine/Plugins/Developer/SubversionSourceControl/SubversionSourceControl.uplugin" 7
"../../../Engine/Plugins/Developer/UObjectPlugin/UObjectPlugin.uplugin" 8
"../../../Engine/Plugins/Developer/VisualStudioSourceCodeAccess/VisualStudioSourceCodeAccess.uplugin" 9
"../../../Engine/Plugins/Developer/XCodeSourceCodeAccess/XCodeSourceCodeAccess.uplugin" 10
"../../../Engine/Plugins/Editor/EpicSurvey/EpicSurvey.uplugin" 11
"../../../Engine/Plugins/Editor/MacGraphicsSwitching/MacGraphicsSwitching.uplugin" 12
"../../../Engine/Plugins/Editor/PluginsEditor/PluginsEditor.uplugin" 13
"../../../Engine/Plugins/Editor/SpeedTreeImporter/SpeedTreeImporter.uplugin" 14
"../../../Engine/Plugins/Experimental/BlueprintStats/BlueprintStats.uplugin" 15
"../../../Engine/Plugins/Experimental/CharacterAI/CharacterAI.uplugin" 16
"../../../Engine/Plugins/Experimental/CodeView/CodeView.uplugin" 17
"../../../Engine/Plugins/Experimental/LiveEditor/LiveEditor.uplugin" 18
"../../../Engine/Plugins/Experimental/Phya/Phya.uplugin" 19
"../../../Engine/Plugins/Experimental/SimpleHMD/SimpleHMD.uplugin" 20
"../../../Engine/Plugins/Experimental/SteamVR/SteamVR.uplugin" 21
"../../../Engine/Plugins/Media/AndroidMedia/AndroidMedia.uplugin" 22
"../../../Engine/Plugins/Media/AvfMedia/AvfMedia.uplugin" 23
"../../../Engine/Plugins/Media/MediaPlayerEditor/MediaPlayerEditor.uplugin" 24
"../../../Engine/Plugins/Media/WmfMedia/WmfMedia.uplugin" 25
"../../../Engine/Plugins/Messaging/MessagingDebugger/MessagingDebugger.uplugin" 26
"../../../Engine/Plugins/Messaging/ShmMessaging/ShmMessaging.uplugin" 27
"../../../Engine/Plugins/Messaging/UdpMessaging/UdpMessaging.uplugin" 28
"../../../Engine/Plugins/Runtime/Advertising/IOSTapJoy/IOSTapJoy.uplugin" 29
"../../../Engine/Plugins/Runtime/Analytics/AnalyticsBlueprintLibrary/AnalyticsBlueprintLibrary.uplugin" 30
"../../../Engine/Plugins/Runtime/Analytics/Apsalar/IOSApsalar/IOSApsalar.uplugin" 31
"../../../Engine/Plugins/Runtime/Analytics/FileLogging/FileLogging.uplugin" 32
"../../../Engine/Plugins/Runtime/AndroidDeviceProfileSelector/AndroidDeviceProfileSelector.uplugin" 33
"../../../Engine/Plugins/Runtime/AndroidMoviePlayer/AndroidMoviePlayer.uplugin" 34
"../../../Engine/Plugins/Runtime/AppleMoviePlayer/AppleMoviePlayer.uplugin" 35
"../../../Engine/Plugins/Runtime/CableComponent/CableComponent.uplugin" 36
"../../../Engine/Plugins/Runtime/CustomMeshComponent/CustomMeshComponent.uplugin" 37
"../../../Engine/Plugins/Runtime/ExampleDeviceProfileSelector/ExampleDeviceProfileSelector.uplugin" 38
"../../../Engine/Plugins/Runtime/GearVR/GearVR.uplugin" 39
"../../../Engine/Plugins/Runtime/IOSDeviceProfileSelector/IOSDeviceProfileSelector.uplugin" 40
"../../../Engine/Plugins/Runtime/LiveEditorListenServer/LiveEditorListenServer.uplugin" 41
"../../../Engine/Plugins/Runtime/OculusRift/OculusRift.uplugin" 42
"../../../Engine/Plugins/Runtime/SoundMod/SoundMod.uplugin" 43
"../../../Engine/Plugins/Runtime/SoundVisualizations/SoundVisualizations.uplugin" 44
"../../../Engine/Plugins/Runtime/TwitchLiveStreaming/TwitchLiveStreaming.uplugin" 45
"../../../Engine/Plugins/Runtime/WindowsDeviceProfileSelector/WindowsDeviceProfileSelector.uplugin" 46
"../../../Engine/Plugins/Runtime/WindowsMoviePlayer/WindowsMoviePlayer.uplugin" 47
"../../../Engine/Plugins/ScriptGeneratorPlugin/ScriptGeneratorPlugin.uplugin" 48
"../../../Engine/Plugins/ScriptPlugin/ScriptPlugin.uplugin" 49
"../../../Engine/Plugins/Slate/SlateRemote/SlateRemote.uplugin" 50
"../../../Engine/Content/Internationalization/icudt53l/cnvalias.icu" 51
"../../../Engine/Content/Internationalization/icudt53l/en_US_POSIX.res" 52
"../../../Engine/Content/Internationalization/icudt53l/pool.res" 53
"../../../Engine/Content/Internationalization/icudt53l/en_US.res" 54
"../../../Engine/Content/Internationalization/icudt53l/en.res" 55
"../../../Engine/Content/Internationalization/icudt53l/root.res" 56
"../../../Engine/Content/Internationalization/icudt53l/coll/ucadata.icu" 57
"../../../Engine/Content/Internationalization/icudt53l/nfc.nrm" 58
"../../../Engine/Content/Internationalization/icudt53l/coll/en_US_POSIX.res" 59
"../../../Engine/Content/Internationalization/icudt53l/coll/en_US.res" 60
"../../../Engine/Content/Internationalization/icudt53l/coll/en.res" 61
"../../../Engine/Content/Internationalization/icudt53l/coll/root.res" 62
"../../../Engine/Content/Internationalization/icudt53l/numberingSystems.res" 63
"../../../Engine/Content/Internationalization/icudt53l/curr/supplementalData.res" 64
"../../../Engine/Content/Internationalization/icudt53l/curr/pool.res" 65
"../../../Engine/Content/Internationalization/icudt53l/curr/en.res" 66
"../../../Engine/Content/Internationalization/icudt53l/curr/root.res" 67
"../../../Engine/Content/Internationalization/icudt53l/plurals.res" 68
"../../../Engine/Content/Internationalization/icudt53l/zoneinfo64.res" 69
"../../../Engine/Content/Internationalization/icudt53l/keyTypeData.res" 70
"../../../Engine/Content/Internationalization/icudt53l/timezoneTypes.res" 71
"../../../Engine/Content/Internationalization/icudt53l/supplementalData.res" 72
"../../../Engine/Content/Internationalization/icudt53l/likelySubtags.res" 73
"/Users/Andrew/Library/Application Support/Epic/Epic Games/KeyValueStore.ini" 74
"../../../Engine/Config/Base.ini" 75
"../../../Engine/Config/BaseEngine.ini" 76
"../../../../../../Andrew/go-no-go/GoNoGo/Config/DefaultEngine.ini" 77
"../../../Engine/Config/Mac/MacEngine.ini" 78
"/Users/Andrew/Library/Preferences/Unreal Engine/GoNoGoEditor/Mac/Engine.ini" 79
"../../../../../../Andrew/go-no-go/GoNoGo/Intermediate/Config/CoalescedSourceConfigs/Engine.ini" 80
"../../../Engine/Config/BaseGame.ini" 81
"../../../../../../Andrew/go-no-go/GoNoGo/Config/DefaultGame.ini" 82
"/Users/Andrew/Library/Preferences/Unreal Engine/GoNoGoEditor/Mac/Game.ini" 83
"../../../../../../Andrew/go-no-go/GoNoGo/Intermediate/Config/CoalescedSourceConfigs/Game.ini" 84
"../../../Engine/Config/BaseInput.ini" 85
"/Users/Andrew/Library/Preferences/Unreal Engine/GoNoGoEditor/Mac/Input.ini" 86
"../../../../../../Andrew/go-no-go/GoNoGo/Intermediate/Config/CoalescedSourceConfigs/Input.ini" 87
"../../../Engine/Config/BaseEditor.ini" 88
"../../../../../../Andrew/go-no-go/GoNoGo/Config/DefaultEditor.ini" 89
"/Users/Andrew/Library/Preferences/Unreal Engine/GoNoGoEditor/Mac/Editor.ini" 90
"../../../../../../Andrew/go-no-go/GoNoGo/Intermediate/Config/CoalescedSourceConfigs/Editor.ini" 91
"../../../Engine/Config/BaseEditorLayout.ini" 92
"/Users/Andrew/Library/Preferences/Unreal Engine/GoNoGoEditor/Mac/EditorLayout.ini" 93
"../../../../../../Andrew/go-no-go/GoNoGo/Intermediate/Config/CoalescedSourceConfigs/EditorLayout.ini" 94
"../../../Engine/Config/BaseEditorUserSettings.ini" 95
"../../../Engine/Config/Mac/MacEditorUserSettings.ini" 96
"/Users/Andrew/Library/Preferences/Unreal Engine/GoNoGoEditor/Mac/EditorUserSettings.ini" 97
"../../../../../../Andrew/go-no-go/GoNoGo/Intermediate/Config/CoalescedSourceConfigs/EditorUserSettings.ini" 98
"../../../Engine/Config/BaseEditorKeyBindings.ini" 99
"/Users/Andrew/Library/Preferences/Unreal Engine/GoNoGoEditor/Mac/EditorKeyBindings.ini" 100
"../../../../../../Andrew/go-no-go/GoNoGo/Intermediate/Config/CoalescedSourceConfigs/EditorKeyBindings.ini" 101
"../../../Engine/Config/BaseCompat.ini" 102
"/Users/Andrew/Library/Preferences/Unreal Engine/GoNoGoEditor/Mac/Compat.ini" 103
"../../../../../../Andrew/go-no-go/GoNoGo/Intermediate/Config/CoalescedSourceConfigs/Compat.ini" 104
"../../../Engine/Config/BaseLightmass.ini" 105
"/Users/Andrew/Library/Preferences/Unreal Engine/GoNoGoEditor/Mac/Lightmass.ini" 106
"../../../../../../Andrew/go-no-go/GoNoGo/Intermediate/Config/CoalescedSourceConfigs/Lightmass.ini" 107
"../../../Engine/Config/BaseScalability.ini" 108
"/Users/Andrew/Library/Preferences/Unreal Engine/GoNoGoEditor/Mac/Scalability.ini" 109
"../../../../../../Andrew/go-no-go/GoNoGo/Intermediate/Config/CoalescedSourceConfigs/Scalability.ini" 110
"/Users/Andrew/Library/Preferences/Unreal Engine/GoNoGoEditor/Mac/GameUserSettings.ini" 111
"../../../../../../Andrew/go-no-go/GoNoGo/Intermediate/Config/CoalescedSourceConfigs/GameUserSettings.ini" 112
"../../../Engine/Config/BaseDeviceProfiles.ini" 113
"/Users/Andrew/Library/Preferences/Unreal Engine/GoNoGoEditor/Mac/DeviceProfiles.ini" 114
"../../../../../../Andrew/go-no-go/GoNoGo/Intermediate/Config/CoalescedSourceConfigs/DeviceProfiles.ini" 115
"../../../Engine/Config/ConsoleVariables.ini" 116
"../../../Engine/Content/Internationalization/icudt53l/es.res" 117
"../../../Engine/Content/Internationalization/icudt53l/coll/es.res" 118
"../../../Engine/Content/Internationalization/icudt53l/curr/es.res" 119
"../../../Engine/Content/Internationalization/icudt53l/es_ES.res" 120
"../../../Engine/Content/Internationalization/icudt53l/ja.res" 121
"../../../Engine/Content/Internationalization/icudt53l/coll/ja.res" 122
"../../../Engine/Content/Internationalization/icudt53l/curr/ja.res" 123
"../../../Engine/Content/Internationalization/icudt53l/ja_JP.res" 124
"../../../Engine/Content/Internationalization/icudt53l/ko.res" 125
"../../../Engine/Content/Internationalization/icudt53l/coll/ko.res" 126
"../../../Engine/Content/Internationalization/icudt53l/curr/ko.res" 127
"../../../Engine/Content/Internationalization/icudt53l/ko_KR.res" 128
"../../../Engine/Content/Internationalization/icudt53l/pt_BR.res" 129
"../../../Engine/Content/Internationalization/icudt53l/pt.res" 130
"../../../Engine/Content/Internationalization/icudt53l/coll/pt.res" 131
"../../../Engine/Content/Internationalization/icudt53l/curr/pt.res" 132
"../../../Engine/Content/Internationalization/icudt53l/zh_CN.res" 133
"../../../Engine/Content/Internationalization/icudt53l/zh_Hans_CN.res" 134
"../../../Engine/Content/Internationalization/icudt53l/zh_Hans.res" 135
"../../../Engine/Content/Internationalization/icudt53l/zh.res" 136
"../../../Engine/Content/Internationalization/icudt53l/coll/zh_CN.res" 137
"../../../Engine/Content/Internationalization/icudt53l/coll/zh_Hans_CN.res" 138
"../../../Engine/Content/Internationalization/icudt53l/coll/zh_Hans.res" 139
"../../../Engine/Content/Internationalization/icudt53l/coll/zh.res" 140
"../../../Engine/Content/Internationalization/icudt53l/curr/zh_CN.res" 141
"../../../Engine/Content/Internationalization/icudt53l/curr/zh_Hans_CN.res" 142
"../../../Engine/Content/Internationalization/icudt53l/curr/zh_Hans.res" 143
"../../../Engine/Content/Internationalization/icudt53l/curr/zh.res" 144
"/Users/Shared/UnrealEngine/4.7/Engine/Content/Localization/Editor/en/Editor.locres" 145
"/Users/Shared/UnrealEngine/4.7/Engine/Content/Localization/EditorTutorials/en/EditorTutorials.locres" 146
"/Users/Shared/UnrealEngine/4.7/Engine/Content/Localization/Engine/en/Engine.locres" 147
"../../../Engine/Content/Slate/Fonts/Roboto-Regular.ttf" 148
"../../../Engine/Content/Slate/Fonts/DroidSansMono.ttf" 149
"../../../Engine/Content/Slate/Fonts/Roboto-Bold.ttf" 150
"../../../Engine/Content/Slate/Fonts/Roboto-Light.ttf" 151
"/Users/Shared/UnrealEngine/4.7/Engine/Binaries/Mac/../../../Engine/Shaders/ParticleSpriteVertexFactory.usf" 152
"/Users/Shared/UnrealEngine/4.7/Engine/Binaries/Mac/../../../Engine/Shaders/VertexFactoryCommon.usf" 153
"/Users/Shared/UnrealEngine/4.7/Engine/Binaries/Mac/../../../Engine/Shaders/Common.usf" 154
"/Users/Shared/UnrealEngine/4.7/Engine/Binaries/Mac/../../../Engine/Shaders/MetalCommon.usf" 155
"/Users/Shared/UnrealEngine/4.7/Engine/Binaries/Mac/../../../Engine/Shaders/ShaderVersion.usf" 156
"/Users/Shared/UnrealEngine/4.7/Engine/Binaries/Mac/../../../Engine/Shaders/Definitions.usf" 157
"/Users/Shared/UnrealEngine/4.7/Engine/Binaries/Mac/../../../Engine/Shaders/Random.usf" 158
"/Users/Shared/UnrealEngine/4.7/Engine/Binaries/Mac/../../../Engine/Shaders/ParticleVertexFactoryCommon.usf" 159
"/Users/Shared/UnrealEngine/4.7/Engine/Binaries/Mac/../../../Engine/Shaders/ParticleGPUSpriteVertexFactory.usf" 160
"/Users/Shared/UnrealEngine/4.7/Engine/Binaries/Mac/../../../Engine/Shaders/ParticleBeamTrailVertexFactory.usf" 161
"/Users/Shared/UnrealEngine/4.7/Engine/Binaries/Mac/../../../Engine/Shaders/VectorFieldVisualizationVertexFactory.usf" 162
"/Users/Shared/UnrealEngine/4.7/Engine/Binaries/Mac/../../../Engine/Shaders/LocalVertexFactory.usf" 163
"/Users/Shared/UnrealEngine/4.7/Engine/Binaries/Mac/../../../Engine/Shaders/LocalVertexFactoryCommon.usf" 164
"/Users/Shared/UnrealEngine/4.7/Engine/Binaries/Mac/../../../Engine/Shaders/MeshParticleVertexFactory.usf" 165
"/Users/Shared/UnrealEngine/4.7/Engine/Binaries/Mac/../../../Engine/Shaders/GpuSkinVertexFactory.usf" 166
"/Users/Shared/UnrealEngine/4.7/Engine/Binaries/Mac/../../../Engine/Shaders/GpuSkinCacheCommon.usf" 167
"/Users/Shared/UnrealEngine/4.7/Engine/Binaries/Mac/../../../Engine/Shaders/LandscapeVertexFactory.usf" 168
"/Users/Shared/UnrealEngine/4.7/Engine/Binaries/Mac/../../../Engine/Shaders/OneColorShader.usf" 169
"/Users/Shared/UnrealEngine/4.7/Engine/Binaries/Mac/../../../Engine/Shaders/ParticleSortKeyGen.usf" 170
"/Users/Shared/UnrealEngine/4.7/Engine/Binaries/Mac/../../../Engine/Shaders/ParticleBoundsShader.usf" 171
"/Users/Shared/UnrealEngine/4.7/Engine/Binaries/Mac/../../../Engine/Shaders/ParticleSimVisualizeShader.usf" 172
"/Users/Shared/UnrealEngine/4.7/Engine/Binaries/Mac/../../../Engine/Shaders/ParticleInjectionShader.usf" 173
"/Users/Shared/UnrealEngine/4.7/Engine/Binaries/Mac/../../../Engine/Shaders/ParticleSimulationShader.usf" 174
"/Users/Shared/UnrealEngine/4.7/Engine/Binaries/Mac/../../../Engine/Shaders/ParticleCurveInjectionShader.usf" 175
"/Users/Shared/UnrealEngine/4.7/Engine/Binaries/Mac/../../../Engine/Shaders/VectorFieldCompositeShaders.usf" 176
"/Users/Shared/UnrealEngine/4.7/Engine/Binaries/Mac/../../../Engine/Shaders/UpdateTextureShaders.usf" 177
"/Users/Shared/UnrealEngine/4.7/Engine/Binaries/Mac/../../../Engine/Shaders/SimpleElementColorChannelMaskPixelShader.usf" 178
"/Users/Shared/UnrealEngine/4.7/Engine/Binaries/Mac/../../../Engine/Shaders/SimpleElementHitProxyPixelShader.usf" 179
"/Users/Shared/UnrealEngine/4.7/Engine/Binaries/Mac/../../../Engine/Shaders/SimpleElementPixelShader.usf" 180
"/Users/Shared/UnrealEngine/4.7/Engine/Binaries/Mac/../../../Engine/Shaders/ColorUtils.usf" 181
"/Users/Shared/UnrealEngine/4.7/Engine/Binaries/Mac/../../../Engine/Shaders/IESLightProfilesCommon.usf" 182
"/Users/Shared/UnrealEngine/4.7/Engine/Binaries/Mac/../../../Engine/Shaders/SimpleElementVertexShader.usf" 183
"/Users/Shared/UnrealEngine/4.7/Engine/Binaries/Mac/../../../Engine/Shaders/ScreenVertexShader.usf" 184
"/Users/Shared/UnrealEngine/4.7/Engine/Binaries/Mac/../../../Engine/Shaders/ScreenPixelShader.usf" 185
"/Users/Shared/UnrealEngine/4.7/Engine/Binaries/Mac/../../../Engine/Shaders/NullPixelShader.usf" 186
"/Users/Shared/UnrealEngine/4.7/Engine/Binaries/Mac/../../../Engine/Shaders/RadixSortShaders.usf" 187
"/Users/Shared/UnrealEngine/4.7/Engine/Binaries/Mac/../../../Engine/Shaders/GpuSkinCacheComputeShader.usf" 188
"/Users/Shared/UnrealEngine/4.7/Engine/Binaries/Mac/../../../Engine/Shaders/ClearReplacementShaders.usf" 189
"/Users/Shared/UnrealEngine/4.7/Engine/Binaries/Mac/../../../Engine/Shaders/SlateElementPixelShader.usf" 190
"/Users/Shared/UnrealEngine/4.7/Engine/Binaries/Mac/../../../Engine/Shaders/MaterialTemplate.usf" 191
"/Users/Shared/UnrealEngine/4.7/Engine/Binaries/Mac/../../../Engine/Shaders/DepthOfFieldCommon.usf" 192
"/Users/Shared/UnrealEngine/4.7/Engine/Binaries/Mac/../../../Engine/Shaders/SpeedTreeCommon.usf" 193
"/Users/Shared/UnrealEngine/4.7/Engine/Binaries/Mac/../../../Engine/Shaders/AtmosphereCommon.usf" 194
"/Users/Shared/UnrealEngine/4.7/Engine/Binaries/Mac/../../../Engine/Shaders/PostProcessCommon.usf" 195
"/Users/Shared/UnrealEngine/4.7/Engine/Binaries/Mac/../../../Engine/Shaders/DeferredShadingCommon.usf" 196
"/Users/Shared/UnrealEngine/4.7/Engine/Binaries/Mac/../../../Engine/Shaders/LightAccumulator.usf" 197
"/Users/Shared/UnrealEngine/4.7/Engine/Binaries/Mac/../../../Engine/Shaders/SlateVertexShader.usf" 198
"/Users/Shared/UnrealEngine/4.7/Engine/Binaries/Mac/../../../Engine/Shaders/VisualizeTexture.usf" 199
"/Users/Shared/UnrealEngine/4.7/Engine/Binaries/Mac/../../../Engine/Shaders/ScreenSpaceReflections.usf" 200
"/Users/Shared/UnrealEngine/4.7/Engine/Binaries/Mac/../../../Engine/Shaders/BRDF.usf" 201
"/Users/Shared/UnrealEngine/4.7/Engine/Binaries/Mac/../../../Engine/Shaders/MonteCarlo.usf" 202
"/Users/Shared/UnrealEngine/4.7/Engine/Binaries/Mac/../../../Engine/Shaders/PostProcessBloom.usf" 203
"/Users/Shared/UnrealEngine/4.7/Engine/Binaries/Mac/../../../Engine/Shaders/FilterVertexShader.usf" 204
"/Users/Shared/UnrealEngine/4.7/Engine/Binaries/Mac/../../../Engine/Shaders/FilterPixelShader.usf" 205
"/Users/Shared/UnrealEngine/4.7/Engine/Binaries/Mac/../../../Engine/Shaders/PostProcessVisualizeHDR.usf" 206
"/Users/Shared/UnrealEngine/4.7/Engine/Binaries/Mac/../../../Engine/Shaders/PostProcessHistogramCommon.usf" 207
"/Users/Shared/UnrealEngine/4.7/Engine/Binaries/Mac/../../../Engine/Shaders/TonemapCommon.usf" 208
"/Users/Shared/UnrealEngine/4.7/Engine/Binaries/Mac/../../../Engine/Shaders/MiniFontCommon.usf" 209
"/Users/Shared/UnrealEngine/4.7/Engine/Binaries/Mac/../../../Engine/Shaders/PostProcessVisualizeBuffer.usf" 210
"/Users/Shared/UnrealEngine/4.7/Engine/Binaries/Mac/../../../Engine/Shaders/PostProcessUpscale.usf" 211
"/Users/Shared/UnrealEngine/4.7/Engine/Binaries/Mac/../../../Engine/Shaders/PostProcessTonemap.usf" 212
"/Users/Shared/UnrealEngine/4.7/Engine/Binaries/Mac/../../../Engine/Shaders/PostProcessTestImage.usf" 213
"/Users/Shared/UnrealEngine/4.7/Engine/Binaries/Mac/../../../Engine/Shaders/PostProcessTemporalAA.usf" 214
"/Users/Shared/UnrealEngine/4.7/Engine/Binaries/Mac/../../../Engine/Shaders/PostProcessTemporalCommon.usf" 215
"/Users/Shared/UnrealEngine/4.7/Engine/Binaries/Mac/../../../Engine/Shaders/PostProcessSubsurface.usf" 216
"/Users/Shared/UnrealEngine/4.7/Engine/Binaries/Mac/../../../Engine/Shaders/SeparableSSS.usf" 217
"/Users/Shared/UnrealEngine/4.7/Engine/Binaries/Mac/../../../Engine/Shaders/PostProcessSelectionOutline.usf" 218
"/Users/Shared/UnrealEngine/4.7/Engine/Binaries/Mac/../../../Engine/Shaders/PostProcessSceneColorFringe.usf" 219
"/Users/Shared/UnrealEngine/4.7/Engine/Binaries/Mac/../../../Engine/Shaders/PostProcessNoiseBlur.usf" 220
"/Users/Shared/UnrealEngine/4.7/Engine/Binaries/Mac/../../../Engine/Shaders/PostProcessMotionBlur.usf" 221
"/Users/Shared/UnrealEngine/4.7/Engine/Binaries/Mac/../../../Engine/Shaders/PostProcessMobile.usf" 222
"/Users/Shared/UnrealEngine/4.7/Engine/Binaries/Mac/../../../Engine/Shaders/PostProcessMaterialShaders.usf" 223
"/Users/Shared/UnrealEngine/4.7/Engine/Binaries/Mac/../../../Engine/Shaders/PostProcessLensFlares.usf" 224
"/Users/Shared/UnrealEngine/4.7/Engine/Binaries/Mac/../../../Engine/Shaders/PostProcessLensBlur.usf" 225
"/Users/Shared/UnrealEngine/4.7/Engine/Binaries/Mac/../../../Engine/Shaders/PostProcessHistogramReduce.usf" 226
"/Users/Shared/UnrealEngine/4.7/Engine/Binaries/Mac/../../../Engine/Shaders/PostProcessHistogram.usf" 227
"/Users/Shared/UnrealEngine/4.7/Engine/Binaries/Mac/../../../Engine/Shaders/PostProcessHMD.usf" 228
"/Users/Shared/UnrealEngine/4.7/Engine/Binaries/Mac/../../../Engine/Shaders/PostProcessGBufferHints.usf" 229
"/Users/Shared/UnrealEngine/4.7/Engine/Binaries/Mac/../../../Engine/Shaders/PostProcessEyeAdaptation.usf" 230
"/Users/Shared/UnrealEngine/4.7/Engine/Binaries/Mac/../../../Engine/Shaders/PostProcessDownsample.usf" 231
"/Users/Shared/UnrealEngine/4.7/Engine/Binaries/Mac/../../../Engine/Shaders/PostProcessDOF.usf" 232
"/Users/Shared/UnrealEngine/4.7/Engine/Binaries/Mac/../../../Engine/Shaders/PostProcessCompositeEditorPrimitives.usf" 233
"/Users/Shared/UnrealEngine/4.7/Engine/Binaries/Mac/../../../Engine/Shaders/PostProcessCombineLUTs.usf" 234
"/Users/Shared/UnrealEngine/4.7/Engine/Binaries/Mac/../../../Engine/Shaders/PostProcessBusyWait.usf" 235
"/Users/Shared/UnrealEngine/4.7/Engine/Binaries/Mac/../../../Engine/Shaders/PostProcessBokehDOF.usf" 236
"/Users/Shared/UnrealEngine/4.7/Engine/Binaries/Mac/../../../Engine/Shaders/FXAAShader.usf" 237
"/Users/Shared/UnrealEngine/4.7/Engine/Binaries/Mac/../../../Engine/Shaders/Fxaa3_11.usf" 238
"/Users/Shared/UnrealEngine/4.7/Engine/Binaries/Mac/../../../Engine/Shaders/PostProcessPassThrough.usf" 239
"/Users/Shared/UnrealEngine/4.7/Engine/Binaries/Mac/../../../Engine/Shaders/PostProcessLpvIndirect.usf" 240
"/Users/Shared/UnrealEngine/4.7/Engine/Binaries/Mac/../../../Engine/Shaders/DeferredLightingCommon.usf" 241
"/Users/Shared/UnrealEngine/4.7/Engine/Binaries/Mac/../../../Engine/Shaders/DynamicLightingCommon.usf" 242
"/Users/Shared/UnrealEngine/4.7/Engine/Binaries/Mac/../../../Engine/Shaders/LPVFinalPass.usf" 243
"/Users/Shared/UnrealEngine/4.7/Engine/Binaries/Mac/../../../Engine/Shaders/LPVCommon.usf" 244
"/Users/Shared/UnrealEngine/4.7/Engine/Binaries/Mac/../../../Engine/Shaders/DeferredDecal.usf" 245
"/Users/Shared/UnrealEngine/4.7/Engine/Binaries/Mac/../../../Engine/Shaders/PostProcessAmbientOcclusion.usf" 246
"/Users/Shared/UnrealEngine/4.7/Engine/Binaries/Mac/../../../Engine/Shaders/PostProcessAmbient.usf" 247
"/Users/Shared/UnrealEngine/4.7/Engine/Binaries/Mac/../../../Engine/Shaders/CubemapCommon.usf" 248
"/Users/Shared/UnrealEngine/4.7/Engine/Binaries/Mac/../../../Engine/Shaders/VelocityShader.usf" 249
"/Users/Shared/UnrealEngine/4.7/Engine/Binaries/Mac/../../../Engine/Shaders/Tessellation.usf" 250
"/Users/Shared/UnrealEngine/4.7/Engine/Binaries/Mac/../../../Engine/Shaders/FlatTessellation.usf" 251
"/Users/Shared/UnrealEngine/4.7/Engine/Binaries/Mac/../../../Engine/Shaders/PNTriangles.usf" 252
"/Users/Shared/UnrealEngine/4.7/Engine/Binaries/Mac/../../../Engine/Shaders/TranslucentLightingShaders.usf" 253
"/Users/Shared/UnrealEngine/4.7/Engine/Binaries/Mac/../../../Engine/Shaders/SHCommon.usf" 254
"/Users/Shared/UnrealEngine/4.7/Engine/Binaries/Mac/../../../Engine/Shaders/ShadowProjectionCommon.usf" 255
"/Users/Shared/UnrealEngine/4.7/Engine/Binaries/Mac/../../../Engine/Shaders/TranslucentLightInjectionShaders.usf" 256
"/Users/Shared/UnrealEngine/4.7/Engine/Binaries/Mac/../../../Engine/Shaders/LightFunctionCommon.usf" 257
"/Users/Shared/UnrealEngine/4.7/Engine/Binaries/Mac/../../../Engine/Shaders/TranslucentShadowDepthShaders.usf" 258
"/Users/Shared/UnrealEngine/4.7/Engine/Binaries/Mac/../../../Engine/Shaders/ShadowDepthCommon.usf" 259
"/Users/Shared/UnrealEngine/4.7/Engine/Binaries/Mac/../../../Engine/Shaders/TiledDeferredLightShaders.usf" 260
"/Users/Shared/UnrealEngine/4.7/Engine/Binaries/Mac/../../../Engine/Shaders/ShadowProjectionPixelShader.usf" 261
"/Users/Shared/UnrealEngine/4.7/Engine/Binaries/Mac/../../../Engine/Shaders/ShadowFilteringCommon.usf" 262
"/Users/Shared/UnrealEngine/4.7/Engine/Binaries/Mac/../../../Engine/Shaders/ShadowProjectionVertexShader.usf" 263
"/Users/Shared/UnrealEngine/4.7/Engine/Binaries/Mac/../../../Engine/Shaders/ShadowDepthPixelShader.usf" 264
"/Users/Shared/UnrealEngine/4.7/Engine/Binaries/Mac/../../../Engine/Shaders/LPVWriteVplCommon.usf" 265
"/Users/Shared/UnrealEngine/4.7/Engine/Binaries/Mac/../../../Engine/Shaders/LPVWriteCommon.usf" 266
"/Users/Shared/UnrealEngine/4.7/Engine/Binaries/Mac/../../../Engine/Shaders/ShadowDepthVertexShader.usf" 267
"/Users/Shared/UnrealEngine/4.7/Engine/Binaries/Mac/../../../Engine/Shaders/ShaderComplexityApplyPixelShader.usf" 268
"/Users/Shared/UnrealEngine/4.7/Engine/Binaries/Mac/../../../Engine/Shaders/ShaderComplexityApplyVertexShader.usf" 269
"/Users/Shared/UnrealEngine/4.7/Engine/Binaries/Mac/../../../Engine/Shaders/ShaderComplexityAccumulatePixelShader.usf" 270
"/Users/Shared/UnrealEngine/4.7/Engine/Binaries/Mac/../../../Engine/Shaders/HZBOcclusion.usf" 271
"/Users/Shared/UnrealEngine/4.7/Engine/Binaries/Mac/../../../Engine/Shaders/OcclusionQueryVertexShader.usf" 272
"/Users/Shared/UnrealEngine/4.7/Engine/Binaries/Mac/../../../Engine/Shaders/HitProxyPixelShader.usf" 273
"/Users/Shared/UnrealEngine/4.7/Engine/Binaries/Mac/../../../Engine/Shaders/HitProxyVertexShader.usf" 274
"/Users/Shared/UnrealEngine/4.7/Engine/Binaries/Mac/../../../Engine/Shaders/ReflectionEnvironmentShaders.usf" 275
"/Users/Shared/UnrealEngine/4.7/Engine/Binaries/Mac/../../../Engine/Shaders/ReflectionEnvironmentShared.usf" 276
"/Users/Shared/UnrealEngine/4.7/Engine/Binaries/Mac/../../../Engine/Shaders/SkyLightingShared.usf" 277
"/Users/Shared/UnrealEngine/4.7/Engine/Binaries/Mac/../../../Engine/Shaders/ReflectionEnvironmentComputeShaders.usf" 278
"/Users/Shared/UnrealEngine/4.7/Engine/Binaries/Mac/../../../Engine/Shaders/LightShaftShader.usf" 279
"/Users/Shared/UnrealEngine/4.7/Engine/Binaries/Mac/../../../Engine/Shaders/StationaryLightOverlapShaders.usf" 280
"/Users/Shared/UnrealEngine/4.7/Engine/Binaries/Mac/../../../Engine/Shaders/DeferredLightPixelShaders.usf" 281
"/Users/Shared/UnrealEngine/4.7/Engine/Binaries/Mac/../../../Engine/Shaders/DeferredLightVertexShaders.usf" 282
"/Users/Shared/UnrealEngine/4.7/Engine/Binaries/Mac/../../../Engine/Shaders/LPVVisualise.usf" 283
"/Users/Shared/UnrealEngine/4.7/Engine/Binaries/Mac/../../../Engine/Shaders/LPVGeometryVolumeCommon.usf" 284
"/Users/Shared/UnrealEngine/4.7/Engine/Binaries/Mac/../../../Engine/Shaders/LPVDirectLightInject.usf" 285
"/Users/Shared/UnrealEngine/4.7/Engine/Binaries/Mac/../../../Engine/Shaders/LPVPropagate.usf" 286
"/Users/Shared/UnrealEngine/4.7/Engine/Binaries/Mac/../../../Engine/Shaders/LPVBuildGeometryVolume.usf" 287
"/Users/Shared/UnrealEngine/4.7/Engine/Binaries/Mac/../../../Engine/Shaders/LPVInject_AccumulateVplLists.usf" 288
"/Users/Shared/UnrealEngine/4.7/Engine/Binaries/Mac/../../../Engine/Shaders/LPVInject_GenerateVplLists.usf" 289
"/Users/Shared/UnrealEngine/4.7/Engine/Binaries/Mac/../../../Engine/Shaders/LPVClearLists.usf" 290
"/Users/Shared/UnrealEngine/4.7/Engine/Binaries/Mac/../../../Engine/Shaders/LPVClear.usf" 291
"/Users/Shared/UnrealEngine/4.7/Engine/Binaries/Mac/../../../Engine/Shaders/LightMapDensityShader.usf" 292
"/Users/Shared/UnrealEngine/4.7/Engine/Binaries/Mac/../../../Engine/Shaders/LightFunctionPixelShader.usf" 293
"/Users/Shared/UnrealEngine/4.7/Engine/Binaries/Mac/../../../Engine/Shaders/LightFunctionVertexShader.usf" 294
"/Users/Shared/UnrealEngine/4.7/Engine/Binaries/Mac/../../../Engine/Shaders/HdrCustomResolveShaders.usf" 295
"/Users/Shared/UnrealEngine/4.7/Engine/Binaries/Mac/../../../Engine/Shaders/GammaCorrection.usf" 296
"/Users/Shared/UnrealEngine/4.7/Engine/Binaries/Mac/../../../Engine/Shaders/GPUBenchmark.usf" 297
"/Users/Shared/UnrealEngine/4.7/Engine/Binaries/Mac/../../../Engine/Shaders/BasePassForForwardShadingPixelShader.usf" 298
"/Users/Shared/UnrealEngine/4.7/Engine/Binaries/Mac/../../../Engine/Shaders/BasePassForForwardShadingCommon.usf" 299
"/Users/Shared/UnrealEngine/4.7/Engine/Binaries/Mac/../../../Engine/Shaders/LightmapCommon.usf" 300
"/Users/Shared/UnrealEngine/4.7/Engine/Binaries/Mac/../../../Engine/Shaders/BasePassForForwardShadingVertexShader.usf" 301
"/Users/Shared/UnrealEngine/4.7/Engine/Binaries/Mac/../../../Engine/Shaders/HeightFogCommon.usf" 302
"/Users/Shared/UnrealEngine/4.7/Engine/Binaries/Mac/../../../Engine/Shaders/HeightFogPixelShader.usf" 303
"/Users/Shared/UnrealEngine/4.7/Engine/Binaries/Mac/../../../Engine/Shaders/HeightFogVertexShader.usf" 304
"/Users/Shared/UnrealEngine/4.7/Engine/Binaries/Mac/../../../Engine/Shaders/DistortAccumulatePS.usf" 305
"/Users/Shared/UnrealEngine/4.7/Engine/Binaries/Mac/../../../Engine/Shaders/DistortAccumulateVS.usf" 306
"/Users/Shared/UnrealEngine/4.7/Engine/Binaries/Mac/../../../Engine/Shaders/DistortApplyScreenPS.usf" 307
"/Users/Shared/UnrealEngine/4.7/Engine/Binaries/Mac/../../../Engine/Shaders/DistanceFieldSurfaceCacheLighting.usf" 308
"/Users/Shared/UnrealEngine/4.7/Engine/Binaries/Mac/../../../Engine/Shaders/DistanceFieldLightingShared.usf" 309
"/Users/Shared/UnrealEngine/4.7/Engine/Binaries/Mac/../../../Engine/Shaders/DistanceFieldAOShared.usf" 310
"/Users/Shared/UnrealEngine/4.7/Engine/Binaries/Mac/../../../Engine/Shaders/SkyLighting.usf" 311
"/Users/Shared/UnrealEngine/4.7/Engine/Binaries/Mac/../../../Engine/Shaders/DistanceFieldSurfaceCacheLightingCompute.usf" 312
"/Users/Shared/UnrealEngine/4.7/Engine/Binaries/Mac/../../../Engine/Shaders/DistanceFieldShadowing.usf" 313
"/Users/Shared/UnrealEngine/4.7/Engine/Binaries/Mac/../../../Engine/Shaders/DepthOnlyPixelShader.usf" 314
"/Users/Shared/UnrealEngine/4.7/Engine/Binaries/Mac/../../../Engine/Shaders/DepthOnlyVertexShader.usf" 315
"/Users/Shared/UnrealEngine/4.7/Engine/Binaries/Mac/../../../Engine/Shaders/PositionOnlyDepthVertexShader.usf" 316
"/Users/Shared/UnrealEngine/4.7/Engine/Binaries/Mac/../../../Engine/Shaders/DownsampleDepthPixelShader.usf" 317
"/Users/Shared/UnrealEngine/4.7/Engine/Binaries/Mac/../../../Engine/Shaders/BasePassPixelShader.usf" 318
"/Users/Shared/UnrealEngine/4.7/Engine/Binaries/Mac/../../../Engine/Shaders/BasePassCommon.usf" 319
"/Users/Shared/UnrealEngine/4.7/Engine/Binaries/Mac/../../../Engine/Shaders/BasePassVertexShader.usf" 320
"/Users/Shared/UnrealEngine/4.7/Engine/Binaries/Mac/../../../Engine/Shaders/BasePassVertexCommon.usf" 321
"/Users/Shared/UnrealEngine/4.7/Engine/Binaries/Mac/../../../Engine/Shaders/BasePassTessellationShaders.usf" 322
"/Users/Shared/UnrealEngine/4.7/Engine/Binaries/Mac/../../../Engine/Shaders/AtmospherePrecompute.usf" 323
"/Users/Shared/UnrealEngine/4.7/Engine/Binaries/Mac/../../../Engine/Shaders/AtmospherePrecomputeCommon.usf" 324
"/Users/Shared/UnrealEngine/4.7/Engine/Binaries/Mac/../../../Engine/Shaders/AtmospherePrecomputeInscatter.usf" 325
"/Users/Shared/UnrealEngine/4.7/Engine/Binaries/Mac/../../../Engine/Shaders/AtmosphericFogShader.usf" 326
"/Users/Shared/UnrealEngine/4.7/Engine/Binaries/Mac/../../../Engine/Shaders/SimpleElementTexture2DPreviewPixelShader.usf" 327
"/Users/Shared/UnrealEngine/4.7/Engine/Binaries/Mac/../../../Engine/Shaders/SimpleElementNormalMapPixelShader.usf" 328
"/Users/Shared/UnrealEngine/4.7/Engine/Binaries/Mac/../../../Engine/Shaders/meshpaintdilatepixelshader.usf" 329
"/Users/Shared/UnrealEngine/4.7/Engine/Binaries/Mac/../../../Engine/Shaders/meshpaintdilatevertexshader.usf" 330
"/Users/Shared/UnrealEngine/4.7/Engine/Binaries/Mac/../../../Engine/Shaders/MeshPaintPixelShader.usf" 331
"/Users/Shared/UnrealEngine/4.7/Engine/Binaries/Mac/../../../Engine/Shaders/MeshPaintVertexShader.usf" 332
"../../../Engine/Config/Android/AndroidEngine.ini" 333
"../../../Engine/Config/IOS/IOSEngine.ini" 334
"/Users/Andrew/Library/Application Support/Epic/UnrealEngine/4.7/DerivedDataCache/Boot.ddc" 335
"../../../Engine/DerivedDataCache/Compressed.ddp" 336
"../../../Engine/Content/EditorResources/S_Actor.uasset" 337
"/Users/Andrew/Library/Preferences/Unreal Engine/GoNoGoEditor/Mac/TemplateDefs.ini" 338
"../../../../../../Andrew/go-no-go/GoNoGo/Intermediate/Config/CoalescedSourceConfigs/TemplateDefs.ini" 339
"../../../Engine/Content/Maps/Templates/Thumbnails/Default.uasset" 340
"../../../Engine/Content/EditorMaterials/ParticleSystems/PSysThumbnail_NoImage.uasset" 341
"../../../Engine/Content/EditorMaterials/ParticleSystems/PSysThumbnail_OOD.uasset" 342
"../../../Engine/Content/EditorLandscapeResources/DataLayer.uasset" 343
"../../../Engine/Content/EngineFonts/Roboto.uasset" 344
"../../../Engine/Content/EngineMaterials/Widget3DPassThrough_Translucent.uasset" 345
"../../../Engine/Content/EngineMaterials/Widget3DPassThrough.uasset" 346
"../../../Engine/Content/EngineResources/WhiteSquareTexture.uasset" 347
"../../../Engine/Content/Functions/Engine_MaterialFunctions01/Shading/PowerToRoughness.uasset" 348
"../../../Engine/Content/Functions/Engine_MaterialFunctions01/Shading/ConvertFromDiffSpec.uasset" 349
"../../../Engine/Content/EngineMaterials/WorldGridMaterial.uasset" 350
"../../../Engine/Content/Functions/Engine_MaterialFunctions01/Opacity/CameraDepthFade.uasset" 351
"../../../Engine/Content/EngineMaterials/T_Default_Material_Grid_M.uasset" 352
"../../../Engine/Content/EngineMaterials/T_Default_Material_Grid_N.uasset" 353
"../../../Engine/Content/EngineMaterials/DefaultDeferredDecalMaterial.uasset" 354
"../../../Engine/Content/EngineMaterials/DefaultDiffuse.uasset" 355
"../../../Engine/Content/EngineMaterials/DefaultLightFunctionMaterial.uasset" 356
"../../../Engine/Content/EngineMaterials/DefaultPostProcessMaterial.uasset" 357
"../../../Engine/Content/Functions/Engine_MaterialFunctions02/Utility/BreakOutFloat2Components.uasset" 358
"../../../Engine/Content/EngineResources/DefaultTexture.uasset" 359
"../../../Engine/Content/EngineMaterials/Widget3DPassThrough_Translucent_OneSided.uasset" 360
"../../../Engine/Content/EngineMaterials/Widget3DPassThrough_Opaque.uasset" 361
"../../../Engine/Content/EngineMaterials/Widget3DPassThrough_Opaque_OneSided.uasset" 362
"../../../Engine/Content/EngineDamageTypes/DmgTypeBP_Environmental.uasset" 363
"../../../Engine/Content/EngineMeshes/Sphere.uasset" 364
"../../../Engine/Content/EngineFonts/RobotoDistanceField.uasset" 365
"../../../Engine/Content/EngineMaterials/DefaultTextMaterialOpaque.uasset" 366
"../../../Engine/Content/EditorResources/S_Trigger.uasset" 367
"../../../Engine/Content/EngineResources/GradientTexture0.uasset" 368
"../../../Engine/Content/EngineResources/Black.uasset" 369
"../../../Engine/Content/EditorMaterials/MatineeGroups/MAT_Groups_Float.uasset" 370
"../../../Engine/Content/EditorMaterials/MatineeGroups/MAT_Groups_Director.uasset" 371
"../../../Engine/Content/EditorMaterials/MatineeGroups/MAT_Groups_Event.uasset" 372
"../../../Engine/Content/EditorMaterials/MatineeGroups/MAT_Groups_Anim.uasset" 373
"../../../Engine/Content/EditorMaterials/MatineeGroups/MAT_Groups_Fade.uasset" 374
"../../../Engine/Content/EditorMaterials/MatineeGroups/MAT_Groups_Move.uasset" 375
"../../../Engine/Content/EditorMaterials/MatineeGroups/MAT_Groups_Slomo.uasset" 376
"../../../Engine/Content/EditorMaterials/MatineeGroups/MAT_ColorTrack.uasset" 377
"../../../Engine/Content/EditorMaterials/MAT_Groups_Toggle.uasset" 378
"../../../Engine/Content/EditorMaterials/MatineeGroups/MAT_Groups_AudioMaster.uasset" 379
"../../../Engine/Content/EditorMaterials/MatineeGroups/MAT_Groups_Sound.uasset" 380
"../../../Engine/Content/EditorMaterials/MatineeGroups/MAT_Groups_Vector.uasset" 381
"../../../Engine/Content/EditorMaterials/MAT_Groups_Visibility.uasset" 382
"../../../Engine/Content/EngineResources/DefaultTextureCube.uasset" 383
"../../../Engine/Content/EngineSounds/Master.uasset" 384
"../../../Engine/Content/EngineSounds/Music.uasset" 385
"../../../Engine/Content/EngineSounds/SFX.uasset" 386
"../../../Engine/Content/EngineSounds/Normal_Attack.uasset" 387
"../../../Engine/Content/EngineSounds/Special_Attack_PSM.uasset" 388
"../../../Engine/Content/EngineSounds/Duck_Normal_Attack_MixMod.uasset" 389
"../../../Engine/Content/EngineSounds/Voice.uasset" 390
"../../../Engine/Content/EngineMeshes/Cylinder.uasset" 391
"../../../Engine/Content/EngineMaterials/DefaultMaterial.uasset" 392
"../../../Engine/Content/EngineTireTypes/DefaultTireType.uasset" 393
"/Users/Andrew/Library/Preferences/Unreal Engine/GoNoGoEditor/Mac/InternationalizationExport.ini" 394
"../../../../../../Andrew/go-no-go/GoNoGo/Intermediate/Config/CoalescedSourceConfigs/InternationalizationExport.ini" 395
"../../../Engine/Content/Editor/Slate/Fonts/FontAwesome.ttf" 396
"../../../Engine/Content/Editor/Slate/Fonts/DroidSansMono.ttf" 397
"../../../Engine/Content/Editor/Slate/Fonts/Roboto-BoldCondensed.ttf" 398
"../../../Engine/Content/Editor/Slate/Fonts/Roboto-Black.ttf" 399
"../../../Engine/Content/Editor/Slate/Fonts/Roboto-Italic.ttf" 400
"../../../Engine/Content/Editor/Slate/Fonts/Roboto-BoldCondensedItalic.ttf" 401
"../../../Engine/Plugins/2D/Paper2D/Content/MaskedUnlitSpriteMaterial.uasset" 402
"../../../Engine/Plugins/2D/Paper2D/Content/DefaultSpriteMaterial.uasset" 403
"../../../Engine/Plugins/2D/Paper2D/Content/DummySpriteTexture.uasset" 404
"../../../Engine/Plugins/2D/Paper2D/Content/OpaqueUnlitSpriteMaterial.uasset" 405
"../../../Engine/Plugins/2D/Paper2D/Content/DefaultPaperTerrainMaterial.uasset" 406
"../../../Engine/Plugins/2D/Paper2D/Content/DummySprite.uasset" 407
"/Users/Andrew/Library/Application Support/Epic/UnrealEngine/4.7/Saved/Config/Mac/SourceControlSettings.ini" 408
"../../../../../../Andrew/go-no-go/GoNoGo/Intermediate/Config/CoalescedSourceConfigs/SourceControlSettings.ini" 409
"/Users/Andrew/Library/Preferences/Unreal Engine/GoNoGoEditor/Mac/SourceControlSettings.ini" 410
"../../../Engine/Content/EngineMaterials/RemoveSurfaceMaterial.uasset" 411
"../../../Engine/Content/EngineDebugMaterials/DebugMeshMaterial.uasset" 412
"../../../Engine/Content/EngineMaterials/M_InvalidLightmapSettings.uasset" 413
"../../../Engine/Content/EngineMaterials/InvalidLightmapSettings.uasset" 414
"../../../Engine/Content/EditorMaterials/GizmoMaterial.uasset" 415
"../../../Engine/Content/EngineMaterials/Good64x64TilingNoiseHighFreq.uasset" 416
"../../../Engine/Content/EngineMaterials/DefaultBokeh.uasset" 417
"../../../Engine/Content/EngineMaterials/PreintegratedSkinBRDF.uasset" 418
"../../../Engine/Content/EngineMaterials/MiniFont.uasset" 419
"../../../Engine/Content/EngineMaterials/WeightMapPlaceholderTexture.uasset" 420
"../../../Engine/Content/EngineMaterials/DefaultWhiteGrid.uasset" 421
"../../../Engine/Content/EngineMaterials/DefaultPhysicalMaterial.uasset" 422
"../../../Engine/Content/EngineFonts/RobotoTiny.uasset" 423
"../../../../../../Andrew/go-no-go/GoNoGo/Intermediate/CachedAssetRegistry.bin" 424
"../../../Engine/Content/MobileResources/HUD/VirtualJoystick_Thumb.uasset" 425
"../../../Engine/Content/MobileResources/HUD/VirtualJoystick_Background.uasset" 426
"../../../Engine/Content/MobileResources/HUD/T_Castle_ThumbstickOutter.uasset" 427
"../../../Engine/Content/MobileResources/HUD/T_Castle_ThumbstickInner.uasset" 428
"../../../Engine/Content/MobileResources/HUD/MobileHUDDirectionStick.uasset" 429
"../../../Engine/Content/MobileResources/HUD/MobileHUDDirectionPad3.uasset" 430
"../../../Engine/Content/MobileResources/HUD/MobileHUDDirectionPad2.uasset" 431
"../../../Engine/Content/MobileResources/HUD/MobileHUDDirectionPad.uasset" 432
"../../../Engine/Content/MobileResources/HUD/MobileHUDButtonFire.uasset" 433
"../../../Engine/Content/MobileResources/HUD/MobileHUDButton3.uasset" 434
"../../../Engine/Content/MobileResources/HUD/MobileHUDButton2_on.uasset" 435
"../../../Engine/Content/MobileResources/HUD/MobileHUDButton2_off.uasset" 436
"../../../Engine/Content/MobileResources/HUD/MobileHUDButton1_on.uasset" 437
"../../../Engine/Content/MobileResources/HUD/MobileHUDButton1_off.uasset" 438
"../../../Engine/Content/MobileResources/HUD/LeftVirtualJoystickOnly.uasset" 439
"../../../Engine/Content/MobileResources/HUD/DefaultVirtualJoysticks.uasset" 440
"../../../Engine/Content/MobileResources/HUD/AnalogHat.uasset" 441
"../../../Engine/Content/MobileResources/T_MobileMenu2.uasset" 442
"../../../Engine/Content/MobileResources/T_MobileControls_texture.uasset" 443
"../../../Engine/Content/Maps/Entry.umap" 444
"../../../Engine/Content/EngineMaterials/DefaultNormal.uasset" 445
"../../../../../../Andrew/go-no-go/GoNoGo/Content/Maps/GameMenuLevel.umap" 446
"../../../../../../Andrew/go-no-go/GoNoGo/Content/UI_UMG/StartMenu.uasset" 447
"../../../../../../Andrew/go-no-go/GoNoGo/Content/Maps/GoNoGo.umap" 448
"../../../Engine/Content/EngineSky/BP_Sky_Sphere.uasset" 449
"../../../Engine/Content/EditorBlueprintResources/StandardMacros.uasset" 450
"../../../Engine/Content/EngineSky/C_Sky_Cloud_Color.uasset" 451
"../../../Engine/Content/EngineSky/C_Sky_Horizon_Color.uasset" 452
"../../../Engine/Content/EngineSky/C_Sky_Zenith_Color.uasset" 453
"../../../Engine/Content/EngineSky/M_Sky_Panning_Clouds2.uasset" 454
"../../../Engine/Content/EngineSky/T_Sky_Blue.uasset" 455
"../../../Engine/Content/EngineSky/T_Sky_Clouds_M.uasset" 456
"../../../Engine/Content/EngineSky/T_Sky_Stars.uasset" 457
"../../../Engine/Content/EngineSky/SM_SkySphere.uasset" 458
"../../../Engine/Content/MapTemplates/SM_Template_Map_Floor.uasset" 459
"../../../../../../Andrew/go-no-go/GoNoGo/Content/Meshes/sm_launcher.uasset" 460
"../../../../../../Andrew/go-no-go/GoNoGo/Content/Materials/mat_launcher_01.uasset" 461
"../../../../../../Andrew/go-no-go/GoNoGo/Content/Materials/mat_launcher_02.uasset" 462
"../../../../../../Andrew/go-no-go/GoNoGo/Content/Materials/mat_launcher_rails.uasset" 463
"../../../../../../Andrew/go-no-go/GoNoGo/Content/Textures/mlp_rails_basecolor.uasset" 464
"../../../../../../Andrew/go-no-go/GoNoGo/Content/Textures/mlp_rails_normal.uasset" 465
"../../../../../../Andrew/go-no-go/GoNoGo/Content/Textures/mlp_rails_opacity.uasset" 466
"../../../../../../Andrew/go-no-go/GoNoGo/Content/Meshes/sm_pad_39B.uasset" 467
"../../../../../../Andrew/go-no-go/GoNoGo/Content/Materials/mat_pad.uasset" 468
"../../../../../../Andrew/go-no-go/GoNoGo/Content/Meshes/sm_sls.uasset" 469
"../../../../../../Andrew/go-no-go/GoNoGo/Content/Materials/mat_sls.uasset" 470
"../../../../../../Andrew/go-no-go/GoNoGo/Content/Textures/sls_basecolor.uasset" 471
"../../../../../../Andrew/go-no-go/GoNoGo/Content/Textures/sls_metallic.uasset" 472
"../../../../../../Andrew/go-no-go/GoNoGo/Content/Textures/sls_normal.uasset" 473
"../../../../../../Andrew/go-no-go/GoNoGo/Content/Textures/sls_roughness.uasset" 474
"../../../../../../Andrew/go-no-go/GoNoGo/Content/UI_UMG/PlayerUI.uasset" 475
"../../../../../../Andrew/go-no-go/GoNoGo/Content/Blueprint/MainPlayerCharacter.uasset" 476
"../../../../../../Andrew/go-no-go/GoNoGo/Content/UI_UMG/Digital.uasset" 477
"../../../../../../Andrew/go-no-go/GoNoGo/Content/UI_UMG/GuageBackground.uasset" 478
"../../../../../../Andrew/go-no-go/GoNoGo/Content/UI_UMG/Guage_Background.uasset" 479
"../../../../../../Andrew/go-no-go/GoNoGo/Content/UI_UMG/Guage_Background_Alpha.uasset" 480
"../../../../../../Andrew/go-no-go/GoNoGo/Content/UI_UMG/GuageCursor.uasset" 481
"../../../../../../Andrew/go-no-go/GoNoGo/Content/UI_UMG/Guage_Cursor.uasset" 482
"../../../../../../Andrew/go-no-go/GoNoGo/Content/UI_UMG/Guage_Cursor_ALpha.uasset" 483
"../../../../../../Andrew/go-no-go/GoNoGo/Content/UI_UMG/GuagePivot.uasset" 484
"../../../../../../Andrew/go-no-go/GoNoGo/Content/UI_UMG/Guage_Pivot.uasset" 485
"../../../../../../Andrew/go-no-go/GoNoGo/Content/UI_UMG/Guage_Pivot_Alpha.uasset" 486
"../../../../../../Andrew/go-no-go/GoNoGo/Content/UI_UMG/GO.uasset" 487
"../../../../../../Andrew/go-no-go/GoNoGo/Content/UI_UMG/Guage.uasset" 488
"../../../../../../Andrew/go-no-go/GoNoGo/Content/UI_UMG/NOGO.uasset" 489
"../../../../../../Andrew/go-no-go/GoNoGo/Content/UI_UMG/TMinusClock.uasset" 490
"/Users/Andrew/Library/Application Support/Epic/UnrealEngine/Common/DerivedDataCache/4/6/8/TEXTURE_75F87CE100B546AAB8A1C4132AF9DB17_AUTODXT_A1D415F94AEFE62BA8575AB7DDA1D__83E3BD6AF03C74909D6C2396AFF718AA7A3908A2.udd" 491
"/Users/Andrew/Library/Application Support/Epic/UnrealEngine/Common/DerivedDataCache/0/6/5/TEXTURE_75F87CE100B546AAB8A1C4132AF9DB17_BC5_66D3BD8C44795CF6ED9D2A8F3846DC45___1BA9BE509A51C25885157D7FFCD1F20522102A6C.udd" 492
"/Users/Andrew/Library/Application Support/Epic/UnrealEngine/Common/DerivedDataCache/9/2/6/TEXTURE_75F87CE100B546AAB8A1C4132AF9DB17_AUTODXT_BF75055B482A61F2C12110AA6E3BF__240E8C25D2BE3100A5A6D9832638BFFA1977C0C9.udd" 493
"/Users/Andrew/Library/Application Support/Epic/UnrealEngine/Common/DerivedDataCache/5/9/3/TEXTURE_75F87CE100B546AAB8A1C4132AF9DB17_AUTODXT_A1D415F94AEFE62BA8575AB7DDA1D__B8FF3B070CB08823F07AAB7AB3D58E863FBE5D0C.udd" 494
"/Users/Andrew/Library/Application Support/Epic/UnrealEngine/Common/DerivedDataCache/0/9/5/TEXTURE_75F87CE100B546AAB8A1C4132AF9DB17_BC5_66D3BD8C44795CF6ED9D2A8F3846DC45___E33BE5E21B2502532F1F87C74DD54CBA25AEA4F4.udd" 495
"/Users/Andrew/Library/Application Support/Epic/UnrealEngine/Common/DerivedDataCache/6/0/6/TEXTURE_75F87CE100B546AAB8A1C4132AF9DB17_AUTODXT_BF75055B482A61F2C12110AA6E3BF__2E2AE069FBDDCEA7939C0A932AC27120E3BDAC4A.udd" 496
"/Users/Andrew/Library/Application Support/Epic/UnrealEngine/Common/DerivedDataCache/9/3/1/TEXTURE_75F87CE100B546AAB8A1C4132AF9DB17_AUTODXT_A1D415F94AEFE62BA8575AB7DDA1D__5489B4721CA916CF0A9F9F3B2ABA47B5AFBC0ACE.udd" 497
"/Users/Andrew/Library/Application Support/Epic/UnrealEngine/Common/DerivedDataCache/9/6/0/TEXTURE_75F87CE100B546AAB8A1C4132AF9DB17_AUTODXT_BF75055B482A61F2C12110AA6E3BF__E06A917D2D9DDD8E9BD95DFB57124A61C5AFC47B.udd" 498
"/Users/Andrew/Library/Application Support/Epic/UnrealEngine/Common/DerivedDataCache/0/5/1/TEXTURE_75F87CE100B546AAB8A1C4132AF9DB17_BC5_66D3BD8C44795CF6ED9D2A8F3846DC45___EB43E61F78D81F336D9986590A10A3035C85471F.udd" 499
"/Users/Andrew/Library/Application Support/Epic/UnrealEngine/Common/DerivedDataCache/8/4/8/TEXTURE_75F87CE100B546AAB8A1C4132AF9DB17_AUTODXT_A1D415F94AEFE62BA8575AB7DDA1D__C4B9BA0B15460FB46B214A787CC790D4A5BCC536.udd" 500
"/Users/Andrew/Library/Application Support/Epic/UnrealEngine/Common/DerivedDataCache/9/3/9/TEXTURE_75F87CE100B546AAB8A1C4132AF9DB17_AUTODXT_A1D415F94AEFE62BA8575AB7DDA1D__020B1F926CF5442F597C8F49D8EE6AD7B82768C5.udd" 501
"/Users/Andrew/Library/Application Support/Epic/UnrealEngine/Common/DerivedDataCache/9/2/2/TEXTURE_75F87CE100B546AAB8A1C4132AF9DB17_BC5_66D3BD8C44795CF6ED9D2A8F3846DC45___02432C4B3ABD12897A2F986549B7261D2AB4294C.udd" 502
"/Users/Andrew/Library/Application Support/Epic/UnrealEngine/Common/DerivedDataCache/3/7/3/TEXTURE_75F87CE100B546AAB8A1C4132AF9DB17_BC5_66D3BD8C44795CF6ED9D2A8F3846DC45___B398A0526FF76AF57E22F961B441862E7A5E2458.udd" 503
"/Users/Andrew/Library/Application Support/Epic/UnrealEngine/Common/DerivedDataCache/8/1/2/TEXTURE_75F87CE100B546AAB8A1C4132AF9DB17_AUTODXT_BF75055B482A61F2C12110AA6E3BF__83216466042BF2213F2808A34653FF8023E3DAF1.udd" 504
"/Users/Andrew/Library/Application Support/Epic/UnrealEngine/Common/DerivedDataCache/9/1/7/TEXTURE_75F87CE100B546AAB8A1C4132AF9DB17_AUTODXT_BF75055B482A61F2C12110AA6E3BF__69986031FC271806C1855A9EC957F6061D6534ED.udd" 505
"/Users/Andrew/Library/Application Support/Epic/UnrealEngine/Common/DerivedDataCache/3/4/1/TEXTURE_75F87CE100B546AAB8A1C4132AF9DB17_AUTODXT_CEBF580040D786D4E9A73CAD6D748__F1B31E6063DDD756FF3164DA0BE843E749CDB926.udd" 506
"/Users/Andrew/Library/Application Support/Epic/UnrealEngine/Common/DerivedDataCache/0/8/0/TEXTURE_75F87CE100B546AAB8A1C4132AF9DB17_AUTODXT_36153BA64CD52A2FA09225890956B__68FFCB18C06274B65E80DB015F76FB2403F8968F.udd" 507
"/Users/Andrew/Library/Application Support/Epic/UnrealEngine/Common/DerivedDataCache/5/6/8/TEXTURE_75F87CE100B546AAB8A1C4132AF9DB17_BC5_46C32F6B4B07CDC67D55408EBCE12D1F___F2E010A7CE7F4454BD34F7E1E2D677AD73279DA5.udd" 508
"/Users/Andrew/Library/Application Support/Epic/UnrealEngine/Common/DerivedDataCache/4/4/0/TEXTURE_75F87CE100B546AAB8A1C4132AF9DB17_AUTODXT_CEBF580040D786D4E9A73CAD6D748__BDBB16E360330CD265A40FCE39367B0697E43FA2.udd" 509
"/Users/Andrew/Library/Application Support/Epic/UnrealEngine/Common/DerivedDataCache/4/9/4/TEXTURE_75F87CE100B546AAB8A1C4132AF9DB17_AUTODXT_36153BA64CD52A2FA09225890956B__4F1613C9AD016EB5F02CF0DE0BCF767818FA3DE8.udd" 510
"/Users/Andrew/Library/Application Support/Epic/UnrealEngine/Common/DerivedDataCache/4/3/0/TEXTURE_75F87CE100B546AAB8A1C4132AF9DB17_BC5_46C32F6B4B07CDC67D55408EBCE12D1F___CE6CC59B18F3953D2C558A91DAABB3E276335201.udd" 511
"/Users/Andrew/Library/Application Support/Epic/UnrealEngine/Common/DerivedDataCache/2/0/1/TEXTURE_75F87CE100B546AAB8A1C4132AF9DB17_AUTODXT_CEBF580040D786D4E9A73CAD6D748__2C56CD4C6C063C61B95A86D452A8647E7974ED16.udd" 512
"/Users/Andrew/Library/Application Support/Epic/UnrealEngine/Common/DerivedDataCache/6/0/7/TEXTURE_75F87CE100B546AAB8A1C4132AF9DB17_AUTODXT_CEBF580040D786D4E9A73CAD6D748__381E6CDE3D83DDCCA1A899F1E15817BC716AA922.udd" 513
"/Users/Andrew/Library/Application Support/Epic/UnrealEngine/Common/DerivedDataCache/6/3/4/TEXTURE_75F87CE100B546AAB8A1C4132AF9DB17_AUTODXT_CEBF580040D786D4E9A73CAD6D748__F3FFC4FE092737209189F0D2722D54655AC1229B.udd" 514
"/Users/Andrew/Library/Application Support/Epic/UnrealEngine/Common/DerivedDataCache/6/1/5/TEXTURE_75F87CE100B546AAB8A1C4132AF9DB17_AUTODXT_CEBF580040D786D4E9A73CAD6D748__E1350BD782F3D5949AADE262C172CF13BC0D41D7.udd" 515
"/Users/Andrew/Library/Application Support/Epic/UnrealEngine/Common/DerivedDataCache/1/4/1/TEXTURE_75F87CE100B546AAB8A1C4132AF9DB17_AUTODXT_86D7386A422782D465E20B91FEBC3__A81272679C13247F507BF9E4CD0702E5CD6E2CA1.udd" 516
"/Users/Andrew/Library/Application Support/Epic/UnrealEngine/Common/DerivedDataCache/1/6/4/TEXTURE_75F87CE100B546AAB8A1C4132AF9DB17_AUTODXT_36153BA64CD52A2FA09225890956B__11C2665522BA84C3884ED0181984FB2B866C8FFA.udd" 517
"/Users/Andrew/Library/Application Support/Epic/UnrealEngine/Common/DerivedDataCache/1/7/8/TEXTURE_75F87CE100B546AAB8A1C4132AF9DB17_AUTODXT_86D7386A422782D465E20B91FEBC3__A52789CB965BD715DA08407BD41CAF9E48A8B2FB.udd" 518
"/Users/Andrew/Library/Application Support/Epic/UnrealEngine/Common/DerivedDataCache/0/9/7/TEXTURE_75F87CE100B546AAB8A1C4132AF9DB17_AUTODXT_36153BA64CD52A2FA09225890956B__C41C4A99137F8B96409C72C2DB4FB25E5B52B44E.udd" 519
"/Users/Andrew/Library/Application Support/Epic/UnrealEngine/Common/DerivedDataCache/4/2/0/TEXTURE_75F87CE100B546AAB8A1C4132AF9DB17_BC5_46C32F6B4B07CDC67D55408EBCE12D1F___6C8EDA05BB0259E5586273CB8D6A7A9A7C5F3BA7.udd" 520
"/Users/Andrew/Library/Application Support/Epic/UnrealEngine/Common/DerivedDataCache/3/2/4/TEXTURE_75F87CE100B546AAB8A1C4132AF9DB17_BC5_46C32F6B4B07CDC67D55408EBCE12D1F___0086A95250EB7D807F7E671BC5A8F1F330B802A1.udd" 521
"/Users/Andrew/Library/Application Support/Epic/UnrealEngine/Common/DerivedDataCache/2/0/2/TEXTURE_75F87CE100B546AAB8A1C4132AF9DB17_AUTODXT_36153BA64CD52A2FA09225890956B__9DAD3F324D938A2458C5AAE8C9734E0428F93CDF.udd" 522
"/Users/Andrew/Library/Application Support/Epic/UnrealEngine/Common/DerivedDataCache/0/7/8/TEXTURE_75F87CE100B546AAB8A1C4132AF9DB17_BC5_46C32F6B4B07CDC67D55408EBCE12D1F___A36836F01B140FC75539ABB56827CC5A04CDCA8D.udd" 523
"/Users/Andrew/Library/Application Support/Epic/UnrealEngine/Common/DerivedDataCache/4/3/8/TEXTURE_75F87CE100B546AAB8A1C4132AF9DB17_AUTODXT_86D7386A422782D465E20B91FEBC3__874FF048CC17E5B5D83E5270CEA7F94E23807DC6.udd" 524
"/Users/Andrew/Library/Application Support/Epic/UnrealEngine/Common/DerivedDataCache/5/7/1/TEXTURE_75F87CE100B546AAB8A1C4132AF9DB17_AUTODXT_36153BA64CD52A2FA09225890956B__C4D500C4F25E4D83A046A8B4C15B985DA2DEA4BD.udd" 525
"/Users/Andrew/Library/Application Support/Epic/UnrealEngine/Common/DerivedDataCache/5/4/1/TEXTURE_75F87CE100B546AAB8A1C4132AF9DB17_BC5_46C32F6B4B07CDC67D55408EBCE12D1F___C108D3ED0CA4D4753A4E0FBB7FCEF97373B3659A.udd" 526
"/Users/Andrew/Library/Application Support/Epic/UnrealEngine/Common/DerivedDataCache/4/4/8/TEXTURE_75F87CE100B546AAB8A1C4132AF9DB17_AUTODXT_86D7386A422782D465E20B91FEBC3__6B37B1778041F9F59723D996842EC8473D0BF99D.udd" 527
"/Users/Andrew/Library/Application Support/Epic/UnrealEngine/Common/DerivedDataCache/5/1/3/TEXTURE_75F87CE100B546AAB8A1C4132AF9DB17_AUTODXT_6C9AF407443031E93DF55B99A2DD5__D1D8C372B86CD088BF01632EEA53084581F45BC5.udd" 528
"/Users/Andrew/Library/Application Support/Epic/UnrealEngine/Common/DerivedDataCache/2/4/0/TEXTURE_75F87CE100B546AAB8A1C4132AF9DB17_AUTODXT_F247F36D4ADE827E5B272FA9595B5__FC0B0E35CA3862A371A26D09C18836B7C924FEB2.udd" 529
"/Users/Andrew/Library/Application Support/Epic/UnrealEngine/Common/DerivedDataCache/0/4/9/TEXTURE_75F87CE100B546AAB8A1C4132AF9DB17_AUTODXT_86D7386A422782D465E20B91FEBC3__8072E24485321C699526A19DF4F0BF371EDB52D3.udd" 530
"/Users/Andrew/Library/Application Support/Epic/UnrealEngine/Common/DerivedDataCache/0/7/7/MATSM_85DD00DAF10D45C79D4ED0306AF2628B_GLSL_150_MAC_2051__BC5N_DEV_SL_NODBUF7C__9E5C6FFEDBECEB6BC9761A67896C0CF69E377A92.udd" 531
"/Users/Andrew/Library/Application Support/Epic/UnrealEngine/Common/DerivedDataCache/3/9/3/TEXTURE_75F87CE100B546AAB8A1C4132AF9DB17_AUTODXT_86D7386A422782D465E20B91FEBC3__E1DF34348CBC16CF2CAF996CBE2E1F99064DDA3D.udd" 532
"/Users/Andrew/Library/Application Support/Epic/UnrealEngine/Common/DerivedDataCache/6/9/0/TEXTURE_75F87CE100B546AAB8A1C4132AF9DB17_BGRA8_D1F6DA4644C44B11CC3D2BAD352D0C6__1E9D2136C43D22C045ED568EA9230BDFCFEC5D7D.udd" 533
"/Users/Andrew/Library/Application Support/Epic/UnrealEngine/Common/DerivedDataCache/7/2/0/TEXTURE_75F87CE100B546AAB8A1C4132AF9DB17_BGRA8_05C18DAF41510D4E124CBFB83E2C282__9EB31953341BF2A024C230372D72F8A575E7AFF3.udd" 534
"/Users/Andrew/Library/Application Support/Epic/UnrealEngine/Common/DerivedDataCache/8/4/5/TEXTURE_75F87CE100B546AAB8A1C4132AF9DB17_BGRA8_D01B449F4D8FEE9440949BB3CB9867E__FFE7ACD591C6393EE314DDA17687A6B60072EC33.udd" 535
"/Users/Andrew/Library/Application Support/Epic/UnrealEngine/Common/DerivedDataCache/6/9/0/MATSM_85DD00DAF10D45C79D4ED0306AF2628B_GLSL_150_MAC_2051__BC5N_DEV_SL_NODBUFDB__E83340F2F0826798E658832BAE0945A2EBBCCED9.udd" 536
"/Users/Andrew/Library/Application Support/Epic/UnrealEngine/Common/DerivedDataCache/0/1/5/TEXTURE_75F87CE100B546AAB8A1C4132AF9DB17_BGRA8_CB0A77754A140ABCC5394F9DA1AF242__5AF4E9492FAC440C24C61A32726B01B9D7B4BEDB.udd" 537
"/Users/Andrew/Library/Application Support/Epic/UnrealEngine/Common/DerivedDataCache/5/0/7/TEXTURE_75F87CE100B546AAB8A1C4132AF9DB17_AUTODXT_59209B744D44AFCA2DFA81A2BA506__E9D017723E4BD60663326078F896B67A11CF9EB7.udd" 538
"/Users/Andrew/Library/Application Support/Epic/UnrealEngine/Common/DerivedDataCache/3/2/9/TEXTURE_75F87CE100B546AAB8A1C4132AF9DB17_AUTODXT_70BDD14B499BAA95F379E59533021__1CB5DC986836C1B8C011FCDD7D29110FC1C580CE.udd" 539
"/Users/Andrew/Library/Application Support/Epic/UnrealEngine/Common/DerivedDataCache/2/5/4/TEXTURE_75F87CE100B546AAB8A1C4132AF9DB17_AUTODXT_BCD384C148787AC146421191AF5DB__8A2068E0BBF504358BA4AE317821293848566905.udd" 540
"/Users/Andrew/Library/Application Support/Epic/UnrealEngine/Common/DerivedDataCache/7/9/1/MATSM_85DD00DAF10D45C79D4ED0306AF2628B_GLSL_150_MAC_2051__BC5N_DEV_SL_NODBUF10__8CC0FA40FB68EB1AFCF6B68386D02410696DF12E.udd" 541
"/Users/Andrew/Library/Application Support/Epic/UnrealEngine/Common/DerivedDataCache/0/0/6/TEXTURE_75F87CE100B546AAB8A1C4132AF9DB17_BGRA8_887A33B7410EFA56249AAD98C6A3899__D03618E5586CD888D7822BCB71FD6D7756353C0A.udd" 542
"/Users/Andrew/Library/Application Support/Epic/UnrealEngine/Common/DerivedDataCache/6/9/5/TEXTURE_75F87CE100B546AAB8A1C4132AF9DB17_AUTODXT_06C451C64FFDAC2B6CE331960CE13__09DD573C61D799954D0A76C82552833CFFA21A8B.udd" 543
"/Users/Andrew/Library/Application Support/Epic/UnrealEngine/Common/DerivedDataCache/6/9/9/TEXTURE_75F87CE100B546AAB8A1C4132AF9DB17_DXT1_AC28B23045BD9BE39AED28BDDC772047__966DDD60B2847FF2D4A46D44C9348FEDF98BDF58.udd" 544
"/Users/Andrew/Library/Application Support/Epic/UnrealEngine/Common/DerivedDataCache/0/6/4/STATICMESH_46A8778361B442A9523C54440EA1E9D_2C1BC8F50A7A43818AFE266EB43D9060_6A__DD074A95065582CB327B72487504EE904D37964B.udd" 545
"/Users/Andrew/Library/Application Support/Epic/UnrealEngine/Common/DerivedDataCache/7/8/5/TEXTURE_75F87CE100B546AAB8A1C4132AF9DB17_AUTODXT_7210B12B46FF926E054866A6ABCBE__650D5C36EC90A3BCA6CB27FF5F809B8ABC46E2C8.udd" 546
"/Users/Andrew/Library/Application Support/Epic/UnrealEngine/Common/DerivedDataCache/9/4/8/TEXTURE_75F87CE100B546AAB8A1C4132AF9DB17_BGRA8_8878474741D7AD4ADFF9EEB038A187E__5FBB4C8C1BB145D992A27CB5E263C8D37D5BECD2.udd" 547
"/Users/Andrew/Library/Application Support/Epic/UnrealEngine/Common/DerivedDataCache/2/5/1/PHYSX_$7B1F0627AE$2DABEB$2D4206$2D8D78$2DE16BEB5DDC7E$7D_PHYSXPC_86387AFA4351D__FA96A169EB8E58115BD9A6E04381EF15CD2C56CA.udd" 548
"/Users/Andrew/Library/Application Support/Epic/UnrealEngine/Common/DerivedDataCache/9/2/8/MATSM_85DD00DAF10D45C79D4ED0306AF2628B_GLSL_150_MAC_2051__BC5N_DEV_SL_NODBUFF2__B046C1244755D3B393E53276DDAEE4D2B0143611.udd" 549
"/Users/Andrew/Library/Application Support/Epic/UnrealEngine/Common/DerivedDataCache/2/6/8/STATICMESH_46A8778361B442A9523C54440EA1E9D_2C1BC8F50A7A43818AFE266EB43D9060_66__5647CB9DA64E1A7150CB7D4DF85EFA6068AFC04C.udd" 550
"/Users/Andrew/Library/Application Support/Epic/UnrealEngine/Common/DerivedDataCache/1/6/2/PHYSX_$7B1F0627AE$2DABEB$2D4206$2D8D78$2DE16BEB5DDC7E$7D_PHYSXPC_BA595348410D5__2660989541EB2642DBBDB8CABEF072BD83D4304F.udd" 551
"/Users/Andrew/Library/Application Support/Epic/UnrealEngine/Common/DerivedDataCache/7/7/3/MATSM_85DD00DAF10D45C79D4ED0306AF2628B_GLSL_150_MAC_2051__BC5N_DEV_SL_NODBUFC0__A0B13D692E7564F4A2AB9FE0D8A048B2626A66D7.udd" 552
"/Users/Andrew/Library/Application Support/Epic/UnrealEngine/Common/DerivedDataCache/5/2/6/STATICMESH_46A8778361B442A9523C54440EA1E9D_2C1BC8F50A7A43818AFE266EB43D9060_5A__86634E419223D7D51A7E36FADFC8BE186E772CCD.udd" 553
"/Users/Andrew/Library/Application Support/Epic/UnrealEngine/Common/DerivedDataCache/1/9/9/PHYSX_$7B1F0627AE$2DABEB$2D4206$2D8D78$2DE16BEB5DDC7E$7D_PHYSXPC_440F9B17462EB__92482FDD61555E8E802A57BB8350D5BF027C35D7.udd" 554
"/Users/Andrew/Library/Application Support/Epic/UnrealEngine/Common/DerivedDataCache/5/7/7/MATSM_85DD00DAF10D45C79D4ED0306AF2628B_GLSL_150_MAC_2051__BC5N_DEV_SL_NODBUF5E__9445C62B8F21F43FBB5CBA581F149F5BFD3C3209.udd" 555
"/Users/Andrew/Library/Application Support/Epic/UnrealEngine/Common/DerivedDataCache/2/3/7/MATSM_85DD00DAF10D45C79D4ED0306AF2628B_GLSL_150_MAC_2051__BC5N_DEV_SL_NODBUF89__DF64885F36842C2C0C7BD78323C1D4D74B6EF7F2.udd" 556
"/Users/Andrew/Library/Application Support/Epic/UnrealEngine/Common/DerivedDataCache/5/7/7/MATSM_85DD00DAF10D45C79D4ED0306AF2628B_GLSL_150_MAC_2051__BC5N_DEV_SL_NODBUF7C__0A3BBDC47062B1A6912AA86DB67853EABFFB52A5.udd" 557
"../../../Engine/Content/EditorResources/EmptyActor.uasset" 558
"../../../../../../Andrew/go-no-go/GoNoGo/Content/UI_UMG/TClock.uasset" 559
"../../../../../../Andrew/go-no-go/GoNoGo/Content/UI_UMG/3.uasset" 560
"../../../../../../Andrew/go-no-go/GoNoGo/Content/Blueprint/GoNoGoGameMode.uasset" 561
"../../../../../../Andrew/go-no-go/GoNoGo/Content/sm_sls.uasset" 562
"../../../../../../Andrew/go-no-go/GoNoGo/Content/sm_launcher.uasset" 563
